SF:lib/modules/news_list/bloc/news_list_event.dart
DA:4,1
DA:8,1
LF:2
LH:2
end_of_record
SF:lib/modules/news_list/bloc/news_list_bloc.dart
DA:10,1
DA:11,1
DA:12,2
DA:15,1
DA:19,1
DA:22,1
DA:25,3
DA:28,2
DA:29,3
DA:31,1
LF:10
LH:10
end_of_record
SF:lib/modules/news_list/bloc/news_list_state.dart
DA:7,3
DA:12,1
DA:16,1
DA:17,1
DA:18,0
DA:22,1
DA:23,1
DA:24,1
DA:25,1
LF:9
LH:8
end_of_record
SF:lib/modules/news_list/models/articles.dart
DA:14,1
DA:23,0
DA:24,0
DA:25,0
DA:27,1
DA:28,1
DA:29,1
DA:30,1
DA:31,1
DA:32,1
DA:33,1
DA:34,1
LF:12
LH:9
end_of_record
SF:lib/modules/news_list/models/articles.g.dart
DA:9,0
DA:10,0
DA:11,0
DA:12,0
DA:13,0
DA:14,0
DA:15,0
DA:18,0
DA:19,0
DA:20,0
DA:21,0
DA:22,0
DA:23,0
DA:24,0
LF:14
LH:0
end_of_record
SF:lib/modules/news_list/models/news.dart
DA:13,1
DA:19,0
DA:20,0
DA:22,0
DA:23,0
LF:5
LH:1
end_of_record
SF:lib/modules/news_list/models/news.g.dart
DA:9,0
DA:10,0
DA:11,0
DA:12,0
DA:13,0
DA:14,0
DA:17,0
DA:18,0
DA:19,0
DA:20,0
LF:10
LH:0
end_of_record
SF:lib/modules/news_list/repository/news.dart
DA:5,0
DA:8,0
DA:9,0
DA:11,0
DA:12,0
DA:15,0
LF:6
LH:0
end_of_record
SF:lib/modules/search/bloc/search_event.dart
DA:4,1
DA:7,1
DA:8,2
DA:12,1
LF:4
LH:4
end_of_record
SF:lib/modules/search/bloc/search_bloc.dart
DA:11,1
DA:12,1
DA:13,2
DA:17,1
DA:21,3
DA:24,2
DA:25,3
DA:26,3
DA:28,1
DA:31,3
DA:33,1
LF:11
LH:11
end_of_record
SF:lib/modules/search/bloc/search_state.dart
DA:7,3
DA:12,1
DA:16,1
DA:17,1
DA:18,0
DA:22,1
DA:23,1
DA:24,1
DA:25,1
LF:9
LH:8
end_of_record
SF:lib/modules/search/models/articles.dart
DA:14,1
DA:23,0
DA:24,0
DA:25,0
DA:27,1
DA:28,1
DA:29,1
DA:30,1
DA:31,1
DA:32,1
DA:33,1
DA:34,1
LF:12
LH:9
end_of_record
SF:lib/modules/search/models/articles.g.dart
DA:9,0
DA:10,0
DA:11,0
DA:12,0
DA:13,0
DA:14,0
DA:15,0
DA:18,0
DA:19,0
DA:20,0
DA:21,0
DA:22,0
DA:23,0
DA:24,0
LF:14
LH:0
end_of_record
SF:lib/modules/search/models/news.dart
DA:13,1
DA:19,0
DA:20,0
DA:22,0
DA:23,0
LF:5
LH:1
end_of_record
SF:lib/modules/search/models/news.g.dart
DA:9,0
DA:10,0
DA:11,0
DA:12,0
DA:13,0
DA:14,0
DA:17,0
DA:18,0
DA:19,0
DA:20,0
LF:10
LH:0
end_of_record
SF:lib/modules/search/repository/search_news.dart
DA:5,0
DA:8,0
DA:9,0
DA:11,0
DA:12,0
DA:15,0
LF:6
LH:0
end_of_record
